[debug] [2023-06-11T04:10:19.507Z] ----------------------------------------------------------------------
[debug] [2023-06-11T04:10:19.515Z] Command:       C:\Program Files\nodejs\node.exe C:\Users\25198\AppData\Roaming\npm\node_modules\firebase-tools\lib\bin\firebase.js init
[debug] [2023-06-11T04:10:19.516Z] CLI Version:   12.3.1
[debug] [2023-06-11T04:10:19.518Z] Platform:      win32
[debug] [2023-06-11T04:10:19.520Z] Node Version:  v18.16.0
[debug] [2023-06-11T04:10:19.522Z] Time:          Sun Jun 11 2023 07:10:19 GMT+0300 (East Africa Time)
[debug] [2023-06-11T04:10:19.522Z] ----------------------------------------------------------------------
[debug] 
[debug] [2023-06-11T04:10:19.566Z] > command requires scopes: ["email","openid","https://www.googleapis.com/auth/cloudplatformprojects.readonly","https://www.googleapis.com/auth/firebase","https://www.googleapis.com/auth/cloud-platform"]
[debug] [2023-06-11T04:10:19.569Z] > authorizing via signed-in user (fanuelalmawstop@gmail.com)
[info] 
     ######## #### ########  ######## ########     ###     ######  ########
     ##        ##  ##     ## ##       ##     ##  ##   ##  ##       ##
     ######    ##  ########  ######   ########  #########  ######  ######
     ##        ##  ##    ##  ##       ##     ## ##     ##       ## ##
     ##       #### ##     ## ######## ########  ##     ##  ######  ########

You're about to initialize a Firebase project in this directory:

  C:\projects\5th year projects\home_tutor_app

Before we get started, keep in mind:

  * You are currently outside your home directory

[debug] [2023-06-11T04:11:05.278Z] Error: Timed out.
    at Timeout._onTimeout (C:\Users\25198\AppData\Roaming\npm\node_modules\firebase-tools\lib\utils.js:253:49)
    at listOnTimeout (node:internal/timers:569:17)
    at process.processTimers (node:internal/timers:512:7)
[error] 
[error] Error: An unexpected error has occurred.
[debug] [2023-06-11T04:11:40.016Z] ----------------------------------------------------------------------
[debug] [2023-06-11T04:11:40.027Z] Command:       C:\Program Files\nodejs\node.exe C:\Users\25198\AppData\Roaming\npm\node_modules\firebase-tools\lib\bin\firebase.js init
[debug] [2023-06-11T04:11:40.030Z] CLI Version:   12.3.1
[debug] [2023-06-11T04:11:40.033Z] Platform:      win32
[debug] [2023-06-11T04:11:40.035Z] Node Version:  v18.16.0
[debug] [2023-06-11T04:11:40.038Z] Time:          Sun Jun 11 2023 07:11:40 GMT+0300 (East Africa Time)
[debug] [2023-06-11T04:11:40.040Z] ----------------------------------------------------------------------
[debug] 
[debug] [2023-06-11T04:11:40.100Z] > command requires scopes: ["email","openid","https://www.googleapis.com/auth/cloudplatformprojects.readonly","https://www.googleapis.com/auth/firebase","https://www.googleapis.com/auth/cloud-platform"]
[debug] [2023-06-11T04:11:40.104Z] > authorizing via signed-in user (fanuelalmawstop@gmail.com)
[info] 
     ######## #### ########  ######## ########     ###     ######  ########
     ##        ##  ##     ## ##       ##     ##  ##   ##  ##       ##
     ######    ##  ########  ######   ########  #########  ######  ######
     ##        ##  ##    ##  ##       ##     ## ##     ##       ## ##
     ##       #### ##     ## ######## ########  ##     ##  ######  ########

You're about to initialize a Firebase project in this directory:

  C:\projects\5th year projects\home_tutor_app

Before we get started, keep in mind:

  * You are currently outside your home directory

[info] 
=== Project Setup
[info] 
[info] First, let's associate this project directory with a Firebase project.
[info] You can create multiple project aliases by running firebase use --add, 
[info] but for now we'll just set up a default project.
[info] 
[debug] [2023-06-11T04:12:00.964Z] > refreshing access token with scopes: []
[debug] [2023-06-11T04:12:00.984Z] >>> [apiv2][query] POST https://www.googleapis.com/oauth2/v3/token [none]
[debug] [2023-06-11T04:12:00.985Z] >>> [apiv2][body] POST https://www.googleapis.com/oauth2/v3/token [omitted]
[debug] [2023-06-11T04:12:09.150Z] <<< [apiv2][status] POST https://www.googleapis.com/oauth2/v3/token 400
[debug] [2023-06-11T04:12:09.152Z] <<< [apiv2][body] POST https://www.googleapis.com/oauth2/v3/token [omitted]
[debug] [2023-06-11T04:12:09.157Z] >>> [apiv2][query] GET https://firebase.googleapis.com/v1beta1/projects pageSize=100
[debug] [2023-06-11T04:12:10.255Z] <<< [apiv2][status] GET https://firebase.googleapis.com/v1beta1/projects 401
[debug] [2023-06-11T04:12:10.255Z] <<< [apiv2][body] GET https://firebase.googleapis.com/v1beta1/projects [omitted]
[debug] [2023-06-11T04:12:10.258Z] HTTP Error: 401, Request had invalid authentication credentials. Expected OAuth 2 access token, login cookie or other valid authentication credential. See https://developers.google.com/identity/sign-in/web/devconsole-project.
[debug] [2023-06-11T04:12:11.203Z] FirebaseError: HTTP Error: 401, Request had invalid authentication credentials. Expected OAuth 2 access token, login cookie or other valid authentication credential. See https://developers.google.com/identity/sign-in/web/devconsole-project.
    at responseToError (C:\Users\25198\AppData\Roaming\npm\node_modules\firebase-tools\lib\responseToError.js:49:12)
    at RetryOperation._fn (C:\Users\25198\AppData\Roaming\npm\node_modules\firebase-tools\lib\apiv2.js:288:77)
    at process.processTicksAndRejections (node:internal/process/task_queues:95:5)
[error] 
[error] Error: Failed to list Firebase projects. See firebase-debug.log for more info.
